  [4;36;1mSQL (0.2ms)[0m   [0;1mSET NAMES 'utf8'[0m
  [4;35;1mSQL (0.1ms)[0m   [0mSET SQL_AUTO_IS_NULL=0[0m
  [4;36;1mSQL (0.3ms)[0m   [0;1mSHOW TABLES[0m
  [4;35;1mSQL (2.0ms)[0m   [0mCREATE TABLE `schema_migrations` (`version` varchar(255) NOT NULL) ENGINE=InnoDB[0m
  [4;36;1mSQL (24.0ms)[0m   [0;1mCREATE UNIQUE INDEX `unique_schema_migrations` ON `schema_migrations` (`version`)[0m
  [4;35;1mSQL (0.3ms)[0m   [0mSHOW TABLES[0m
  [4;36;1mSQL (0.3ms)[0m   [0;1mSELECT version FROM schema_migrations[0m
Migrating to CreateNotificationMethods (20090928014201)
  [4;35;1mSQL (2.0ms)[0m   [0mCREATE TABLE `notification_methods` (`id` int(11) DEFAULT NULL auto_increment PRIMARY KEY, `name` varchar(255), `notification_type` varchar(255), `created_at` datetime, `updated_at` datetime) ENGINE=InnoDB[0m
  [4;36;1mNotificationMethod Columns (1.7ms)[0m   [0;1mSHOW FIELDS FROM `notification_methods`[0m
  [4;35;1mSQL (0.1ms)[0m   [0mBEGIN[0m
  [4;36;1mNotificationMethod Create (0.3ms)[0m   [0;1mINSERT INTO `notification_methods` (`name`, `updated_at`, `notification_type`, `created_at`) VALUES('Email', '2009-10-11 22:43:45', 'Email', '2009-10-11 22:43:45')[0m
  [4;35;1mSQL (0.9ms)[0m   [0mCOMMIT[0m
  [4;36;1mSQL (0.1ms)[0m   [0;1mBEGIN[0m
  [4;35;1mNotificationMethod Create (0.1ms)[0m   [0mINSERT INTO `notification_methods` (`name`, `updated_at`, `notification_type`, `created_at`) VALUES('Cell Phone', '2009-10-11 22:43:45', 'CellPhone', '2009-10-11 22:43:45')[0m
  [4;36;1mSQL (0.5ms)[0m   [0;1mCOMMIT[0m
  [4;35;1mSQL (0.1ms)[0m   [0mBEGIN[0m
  [4;36;1mNotificationMethod Create (0.2ms)[0m   [0;1mINSERT INTO `notification_methods` (`name`, `updated_at`, `notification_type`, `created_at`) VALUES('Home Phone', '2009-10-11 22:43:45', 'HomePhone', '2009-10-11 22:43:45')[0m
  [4;35;1mSQL (0.6ms)[0m   [0mCOMMIT[0m
  [4;36;1mSQL (0.1ms)[0m   [0;1mBEGIN[0m
  [4;35;1mNotificationMethod Create (0.1ms)[0m   [0mINSERT INTO `notification_methods` (`name`, `updated_at`, `notification_type`, `created_at`) VALUES('Work Phone', '2009-10-11 22:43:45', 'WorkPhone', '2009-10-11 22:43:45')[0m
  [4;36;1mSQL (0.4ms)[0m   [0;1mCOMMIT[0m
  [4;35;1mSQL (0.6ms)[0m   [0mINSERT INTO schema_migrations (version) VALUES ('20090928014201')[0m
Migrating to CreateNames (20090928022654)
  [4;36;1mSQL (3.1ms)[0m   [0;1mCREATE TABLE `names` (`id` int(11) DEFAULT NULL auto_increment PRIMARY KEY, `first` varchar(255), `last` varchar(255), `middle` varchar(255), `suffix` varchar(255), `nickname` varchar(255), `title` varchar(255), `nameable_id` int(11), `nameable_type` varchar(255), `active` tinyint(1) DEFAULT 1, `deleted_at` datetime, `created_at` datetime, `updated_at` datetime) ENGINE=InnoDB[0m
  [4;35;1mSQL (0.7ms)[0m   [0mINSERT INTO schema_migrations (version) VALUES ('20090928022654')[0m
Migrating to CreateEmails (20090928022709)
  [4;36;1mSQL (2.9ms)[0m   [0;1mCREATE TABLE `emails` (`id` int(11) DEFAULT NULL auto_increment PRIMARY KEY, `address` varchar(255), `emailable_id` int(11), `emailable_type` varchar(255), `active` tinyint(1) DEFAULT 1, `deleted_at` datetime, `created_at` datetime, `updated_at` datetime) ENGINE=InnoDB[0m
  [4;35;1mSQL (0.7ms)[0m   [0mINSERT INTO schema_migrations (version) VALUES ('20090928022709')[0m
Migrating to CreateUsers (20090928023414)
  [4;36;1mSQL (3.0ms)[0m   [0;1mCREATE TABLE `users` (`id` int(11) DEFAULT NULL auto_increment PRIMARY KEY, `username` varchar(255) NOT NULL, `crypted_password` varchar(255) NOT NULL, `password_salt` varchar(255) NOT NULL, `active` tinyint(1) DEFAULT 0 NOT NULL, `persistance_token` varchar(255), `failed_login_count` int(11) DEFAULT 0 NOT NULL, `created_at` datetime, `updated_at` datetime) ENGINE=InnoDB[0m
  [4;35;1mUser Columns (2.6ms)[0m   [0mSHOW FIELDS FROM `users`[0m
  [4;36;1mSQL (0.1ms)[0m   [0;1mSET NAMES 'utf8'[0m
  [4;35;1mSQL (0.1ms)[0m   [0mSET SQL_AUTO_IS_NULL=0[0m


Processing ApplicationController#index (for 127.0.0.1 at 2009-10-11 16:12:31) [GET]

ActionController::RoutingError (No route matches "/new_user" with {:method=>:get}):
  

Rendering rescues/layout (not_found)
  [4;36;1mSQL (0.1ms)[0m   [0;1mSET NAMES 'utf8'[0m
  [4;35;1mSQL (0.1ms)[0m   [0mSET SQL_AUTO_IS_NULL=0[0m


Processing ApplicationController#index (for 127.0.0.1 at 2009-10-11 16:12:42) [GET]

ActionController::RoutingError (No route matches "/newuser" with {:method=>:get}):
  

Rendering rescues/layout (not_found)
  [4;36;1mSQL (0.1ms)[0m   [0;1mSET NAMES 'utf8'[0m
  [4;35;1mSQL (0.1ms)[0m   [0mSET SQL_AUTO_IS_NULL=0[0m


Processing Admin::Users::BaseController#new (for 127.0.0.1 at 2009-10-11 16:15:11) [GET]
  Parameters: {"action"=>"new", "controller"=>"admin/users/base"}
  [4;36;1mUser Columns (2.3ms)[0m   [0;1mSHOW FIELDS FROM `users`[0m

ArgumentError (Unknown key(s): classname):
  (eval):3:in `has_one'
  app/models/user.rb:8
  app/controllers/admin/users/base_controller.rb:8:in `new'
  haml (2.2.7) [v] lib/sass/plugin/rails.rb:19:in `process_without_compass'
  vendor/gems/chriseppstein-compass-0.8.17/lib/compass/app_integration/rails/action_controller.rb:7:in `process'

Rendered rescues/_trace (41.1ms)
Rendered rescues/_request_and_response (1.3ms)
Rendering rescues/layout (internal_server_error)
  [4;36;1mSQL (0.1ms)[0m   [0;1mSET NAMES 'utf8'[0m
  [4;35;1mSQL (0.1ms)[0m   [0mSET SQL_AUTO_IS_NULL=0[0m


Processing Admin::Users::BaseController#new (for 127.0.0.1 at 2009-10-11 16:16:54) [GET]
  Parameters: {"action"=>"new", "controller"=>"admin/users/base"}
  [4;36;1mUser Columns (2.5ms)[0m   [0;1mSHOW FIELDS FROM `users`[0m
  [4;35;1mName Columns (2.3ms)[0m   [0mSHOW FIELDS FROM `names`[0m
  [4;36;1mEmail Columns (2.0ms)[0m   [0;1mSHOW FIELDS FROM `emails`[0m
Rendering admin/users/base/new

ActionView::TemplateError (undefined method `title' for #<ActionView::Base:0x264e7ac>) on line #1 of app/views/admin/users/base/new.html.erb:
1: <% title "New User" %>
2: 
3: <%= render :partial => 'form' %>

    app/views/admin/users/base/new.html.erb:1
    haml (2.2.7) [v] lib/haml/helpers/action_view_mods.rb:13:in `render'
    haml (2.2.7) [v] lib/sass/plugin/rails.rb:19:in `process_without_compass'
    vendor/gems/chriseppstein-compass-0.8.17/lib/compass/app_integration/rails/action_controller.rb:7:in `process'

Rendered rescues/_trace (38.4ms)
Rendered rescues/_request_and_response (1.3ms)
Rendering rescues/layout (internal_server_error)
  [4;35;1mSQL (0.1ms)[0m   [0mSET NAMES 'utf8'[0m
  [4;36;1mSQL (0.1ms)[0m   [0;1mSET SQL_AUTO_IS_NULL=0[0m


Processing Admin::Users::BaseController#new (for 127.0.0.1 at 2009-10-11 16:23:33) [GET]
  Parameters: {"action"=>"new", "controller"=>"admin/users/base"}
  [4;35;1mUser Columns (2.2ms)[0m   [0mSHOW FIELDS FROM `users`[0m
  [4;36;1mName Columns (1.8ms)[0m   [0;1mSHOW FIELDS FROM `names`[0m
  [4;35;1mEmail Columns (1.5ms)[0m   [0mSHOW FIELDS FROM `emails`[0m
Rendering admin/users/base/new

ActionView::TemplateError (undefined method `first' for #<User:0x23abfe0>) on line #4 of app/views/admin/users/base/_form.html.erb:
1: 
2: <% semantic_form_for @user, @name, @email do |form| %>
3:   <% form.inputs do %>
4:     <%= form.input :first %>
5:     <%= form.input :last %>
6:     <%= form.input :middle %>
7:     <%= form.input :suffix %>

    vendor/gems/justinfrench-formtastic-0.2.4/rails/./lib/formtastic.rb:485:in `send'
    vendor/gems/justinfrench-formtastic-0.2.4/rails/./lib/formtastic.rb:485:in `input_simple'
    vendor/gems/justinfrench-formtastic-0.2.4/rails/./lib/formtastic.rb:923:in `inline_input_for'
    vendor/gems/justinfrench-formtastic-0.2.4/rails/./lib/formtastic.rb:112:in `send'
    vendor/gems/justinfrench-formtastic-0.2.4/rails/./lib/formtastic.rb:112:in `input'
    vendor/gems/justinfrench-formtastic-0.2.4/rails/./lib/formtastic.rb:111:in `map'
    vendor/gems/justinfrench-formtastic-0.2.4/rails/./lib/formtastic.rb:111:in `input'
    app/views/admin/users/base/_form.html.erb:4
    haml (2.2.7) [v] lib/haml/helpers/action_view_mods.rb:88:in `capture'
    vendor/gems/justinfrench-formtastic-0.2.4/rails/./lib/formtastic.rb:990:in `field_set_and_list_wrapping'
    vendor/gems/justinfrench-formtastic-0.2.4/rails/./lib/formtastic.rb:252:in `inputs'
    app/views/admin/users/base/_form.html.erb:3
    haml (2.2.7) [v] lib/haml/helpers/action_view_mods.rb:169:in `form_for'
    vendor/gems/justinfrench-formtastic-0.2.4/rails/./lib/formtastic.rb:1323:in `semantic_form_for'
    app/views/admin/users/base/_form.html.erb:2
    haml (2.2.7) [v] lib/haml/helpers/action_view_mods.rb:13:in `render'
    app/views/admin/users/base/new.html.erb:3
    haml (2.2.7) [v] lib/haml/helpers/action_view_mods.rb:13:in `render'
    haml (2.2.7) [v] lib/sass/plugin/rails.rb:19:in `process_without_compass'
    vendor/gems/chriseppstein-compass-0.8.17/lib/compass/app_integration/rails/action_controller.rb:7:in `process'

Rendered rescues/_trace (58.1ms)
Rendered rescues/_request_and_response (0.3ms)
Rendering rescues/layout (internal_server_error)
  [4;36;1mSQL (0.1ms)[0m   [0;1mSET NAMES 'utf8'[0m
  [4;35;1mSQL (0.1ms)[0m   [0mSET SQL_AUTO_IS_NULL=0[0m


Processing Admin::Users::BaseController#new (for 127.0.0.1 at 2009-10-11 16:39:50) [GET]
  Parameters: {"action"=>"new", "controller"=>"admin/users/base"}
  [4;36;1mUser Columns (2.2ms)[0m   [0;1mSHOW FIELDS FROM `users`[0m
  [4;35;1mName Columns (1.8ms)[0m   [0mSHOW FIELDS FROM `names`[0m
  [4;36;1mEmail Columns (1.5ms)[0m   [0;1mSHOW FIELDS FROM `emails`[0m
Rendering admin/users/base/new

ActionView::TemplateError (undefined method `first' for #<User:0x25f3104>) on line #5 of app/views/admin/users/base/_form.html.erb:
2: <% semantic_form_for @user, @name, @email do |form| %>
3:   <% form.inputs do %>
4: 	<% fields_for :names, @name do |name| %>
5: 	    <%= form.input :first %>
6: 	    <%= form.input :last %>
7: 	    <%= form.input :middle %>
8: 	    <%= form.input :suffix %>

    vendor/gems/justinfrench-formtastic-0.2.4/rails/./lib/formtastic.rb:485:in `send'
    vendor/gems/justinfrench-formtastic-0.2.4/rails/./lib/formtastic.rb:485:in `input_simple'
    vendor/gems/justinfrench-formtastic-0.2.4/rails/./lib/formtastic.rb:923:in `inline_input_for'
    vendor/gems/justinfrench-formtastic-0.2.4/rails/./lib/formtastic.rb:112:in `send'
    vendor/gems/justinfrench-formtastic-0.2.4/rails/./lib/formtastic.rb:112:in `input'
    vendor/gems/justinfrench-formtastic-0.2.4/rails/./lib/formtastic.rb:111:in `map'
    vendor/gems/justinfrench-formtastic-0.2.4/rails/./lib/formtastic.rb:111:in `input'
    app/views/admin/users/base/_form.html.erb:5
    app/views/admin/users/base/_form.html.erb:4
    haml (2.2.7) [v] lib/haml/helpers/action_view_mods.rb:88:in `capture'
    vendor/gems/justinfrench-formtastic-0.2.4/rails/./lib/formtastic.rb:990:in `field_set_and_list_wrapping'
    vendor/gems/justinfrench-formtastic-0.2.4/rails/./lib/formtastic.rb:252:in `inputs'
    app/views/admin/users/base/_form.html.erb:3
    haml (2.2.7) [v] lib/haml/helpers/action_view_mods.rb:169:in `form_for'
    vendor/gems/justinfrench-formtastic-0.2.4/rails/./lib/formtastic.rb:1323:in `semantic_form_for'
    app/views/admin/users/base/_form.html.erb:2
    haml (2.2.7) [v] lib/haml/helpers/action_view_mods.rb:13:in `render'
    app/views/admin/users/base/new.html.erb:3
    haml (2.2.7) [v] lib/haml/helpers/action_view_mods.rb:13:in `render'
    haml (2.2.7) [v] lib/sass/plugin/rails.rb:19:in `process_without_compass'
    vendor/gems/chriseppstein-compass-0.8.17/lib/compass/app_integration/rails/action_controller.rb:7:in `process'

Rendered rescues/_trace (59.6ms)
Rendered rescues/_request_and_response (0.3ms)
Rendering rescues/layout (internal_server_error)
  [4;35;1mSQL (0.1ms)[0m   [0mSET NAMES 'utf8'[0m
  [4;36;1mSQL (0.1ms)[0m   [0;1mSET SQL_AUTO_IS_NULL=0[0m


Processing Admin::Users::BaseController#new (for 127.0.0.1 at 2009-10-11 16:40:20) [GET]
  Parameters: {"action"=>"new", "controller"=>"admin/users/base"}
  [4;35;1mUser Columns (2.2ms)[0m   [0mSHOW FIELDS FROM `users`[0m
  [4;36;1mName Columns (1.6ms)[0m   [0;1mSHOW FIELDS FROM `names`[0m
  [4;35;1mEmail Columns (1.5ms)[0m   [0mSHOW FIELDS FROM `emails`[0m
Rendering admin/users/base/new

ActionView::TemplateError (undefined method `input' for #<ActionView::Helpers::FormBuilder:0x258b34c>) on line #5 of app/views/admin/users/base/_form.html.erb:
2: <% semantic_form_for @user, @name, @email do |form| %>
3:   <% form.inputs do %>
4: 	<% fields_for :names, @name do |name| %>
5: 	    <%= name.input :first %>
6: 	    <%= form.input :last %>
7: 	    <%= form.input :middle %>
8: 	    <%= form.input :suffix %>

    app/views/admin/users/base/_form.html.erb:5
    app/views/admin/users/base/_form.html.erb:4
    haml (2.2.7) [v] lib/haml/helpers/action_view_mods.rb:88:in `capture'
    vendor/gems/justinfrench-formtastic-0.2.4/rails/./lib/formtastic.rb:990:in `field_set_and_list_wrapping'
    vendor/gems/justinfrench-formtastic-0.2.4/rails/./lib/formtastic.rb:252:in `inputs'
    app/views/admin/users/base/_form.html.erb:3
    haml (2.2.7) [v] lib/haml/helpers/action_view_mods.rb:169:in `form_for'
    vendor/gems/justinfrench-formtastic-0.2.4/rails/./lib/formtastic.rb:1323:in `semantic_form_for'
    app/views/admin/users/base/_form.html.erb:2
    haml (2.2.7) [v] lib/haml/helpers/action_view_mods.rb:13:in `render'
    app/views/admin/users/base/new.html.erb:3
    haml (2.2.7) [v] lib/haml/helpers/action_view_mods.rb:13:in `render'
    haml (2.2.7) [v] lib/sass/plugin/rails.rb:19:in `process_without_compass'
    vendor/gems/chriseppstein-compass-0.8.17/lib/compass/app_integration/rails/action_controller.rb:7:in `process'

Rendered rescues/_trace (52.3ms)
Rendered rescues/_request_and_response (0.2ms)
Rendering rescues/layout (internal_server_error)
  [4;36;1mSQL (0.1ms)[0m   [0;1mSET NAMES 'utf8'[0m
  [4;35;1mSQL (0.1ms)[0m   [0mSET SQL_AUTO_IS_NULL=0[0m


Processing Admin::Users::BaseController#new (for 127.0.0.1 at 2009-10-11 16:45:10) [GET]
  Parameters: {"action"=>"new", "controller"=>"admin/users/base"}
  [4;36;1mUser Columns (2.0ms)[0m   [0;1mSHOW FIELDS FROM `users`[0m
  [4;35;1mName Columns (1.8ms)[0m   [0mSHOW FIELDS FROM `names`[0m
  [4;36;1mEmail Columns (1.5ms)[0m   [0;1mSHOW FIELDS FROM `emails`[0m
Rendering admin/users/base/new

ActionView::TemplateError (undefined method `input' for #<ActionView::Helpers::FormBuilder:0x2588c64>) on line #5 of app/views/admin/users/base/_form.html.erb:
2: <% semantic_form_for @user, @name, @email do |form| %>
3:   <% form.inputs do %>
4: 	<% fields_for :names, @name do |name| %>
5: 	    <%= name.input :first %>
6: 	    <%= form.input :last %>
7: 	    <%= form.input :middle %>
8: 	    <%= form.input :suffix %>

    app/views/admin/users/base/_form.html.erb:5
    app/views/admin/users/base/_form.html.erb:4
    haml (2.2.7) [v] lib/haml/helpers/action_view_mods.rb:88:in `capture'
    vendor/gems/justinfrench-formtastic-0.2.4/rails/./lib/formtastic.rb:990:in `field_set_and_list_wrapping'
    vendor/gems/justinfrench-formtastic-0.2.4/rails/./lib/formtastic.rb:252:in `inputs'
    app/views/admin/users/base/_form.html.erb:3
    haml (2.2.7) [v] lib/haml/helpers/action_view_mods.rb:169:in `form_for'
    vendor/gems/justinfrench-formtastic-0.2.4/rails/./lib/formtastic.rb:1323:in `semantic_form_for'
    app/views/admin/users/base/_form.html.erb:2
    haml (2.2.7) [v] lib/haml/helpers/action_view_mods.rb:13:in `render'
    app/views/admin/users/base/new.html.erb:3
    haml (2.2.7) [v] lib/haml/helpers/action_view_mods.rb:13:in `render'
    haml (2.2.7) [v] lib/sass/plugin/rails.rb:19:in `process_without_compass'
    vendor/gems/chriseppstein-compass-0.8.17/lib/compass/app_integration/rails/action_controller.rb:7:in `process'

Rendered rescues/_trace (59.4ms)
Rendered rescues/_request_and_response (1.4ms)
Rendering rescues/layout (internal_server_error)
  [4;35;1mSQL (0.2ms)[0m   [0mSET NAMES 'utf8'[0m
  [4;36;1mSQL (0.1ms)[0m   [0;1mSET SQL_AUTO_IS_NULL=0[0m


Processing Admin::Users::BaseController#new (for 127.0.0.1 at 2009-10-11 16:47:11) [GET]
  Parameters: {"action"=>"new", "controller"=>"admin/users/base"}
  [4;35;1mUser Columns (2.1ms)[0m   [0mSHOW FIELDS FROM `users`[0m
  [4;36;1mName Columns (1.7ms)[0m   [0;1mSHOW FIELDS FROM `names`[0m
  [4;35;1mEmail Columns (1.4ms)[0m   [0mSHOW FIELDS FROM `emails`[0m
Rendering admin/users/base/new

ActionView::TemplateError (undefined method `first' for #<User:0x258f104>) on line #5 of app/views/admin/users/base/_form.html.erb:
2: <% semantic_form_for @user do |form| %><%# , @name, @email %>
3:   <% form.inputs do %>
4: 	<% fields_for :names, @name do |name| %>
5: 	    <%= form.input :first %>
6: 	    <%= form.input :last %>
7: 	    <%= form.input :middle %>
8: 	    <%= form.input :suffix %>

    vendor/gems/justinfrench-formtastic-0.2.4/rails/./lib/formtastic.rb:485:in `send'
    vendor/gems/justinfrench-formtastic-0.2.4/rails/./lib/formtastic.rb:485:in `input_simple'
    vendor/gems/justinfrench-formtastic-0.2.4/rails/./lib/formtastic.rb:923:in `inline_input_for'
    vendor/gems/justinfrench-formtastic-0.2.4/rails/./lib/formtastic.rb:112:in `send'
    vendor/gems/justinfrench-formtastic-0.2.4/rails/./lib/formtastic.rb:112:in `input'
    vendor/gems/justinfrench-formtastic-0.2.4/rails/./lib/formtastic.rb:111:in `map'
    vendor/gems/justinfrench-formtastic-0.2.4/rails/./lib/formtastic.rb:111:in `input'
    app/views/admin/users/base/_form.html.erb:5
    app/views/admin/users/base/_form.html.erb:4
    haml (2.2.7) [v] lib/haml/helpers/action_view_mods.rb:88:in `capture'
    vendor/gems/justinfrench-formtastic-0.2.4/rails/./lib/formtastic.rb:990:in `field_set_and_list_wrapping'
    vendor/gems/justinfrench-formtastic-0.2.4/rails/./lib/formtastic.rb:252:in `inputs'
    app/views/admin/users/base/_form.html.erb:3
    haml (2.2.7) [v] lib/haml/helpers/action_view_mods.rb:169:in `form_for'
    vendor/gems/justinfrench-formtastic-0.2.4/rails/./lib/formtastic.rb:1323:in `semantic_form_for'
    app/views/admin/users/base/_form.html.erb:2
    haml (2.2.7) [v] lib/haml/helpers/action_view_mods.rb:13:in `render'
    app/views/admin/users/base/new.html.erb:3
    haml (2.2.7) [v] lib/haml/helpers/action_view_mods.rb:13:in `render'
    haml (2.2.7) [v] lib/sass/plugin/rails.rb:19:in `process_without_compass'
    vendor/gems/chriseppstein-compass-0.8.17/lib/compass/app_integration/rails/action_controller.rb:7:in `process'

Rendered rescues/_trace (132.6ms)
Rendered rescues/_request_and_response (0.3ms)
Rendering rescues/layout (internal_server_error)
  [4;36;1mSQL (0.1ms)[0m   [0;1mSET NAMES 'utf8'[0m
  [4;35;1mSQL (0.1ms)[0m   [0mSET SQL_AUTO_IS_NULL=0[0m


Processing Admin::Users::BaseController#new (for 127.0.0.1 at 2009-10-11 16:51:22) [GET]
  Parameters: {"action"=>"new", "controller"=>"admin/users/base"}
  [4;36;1mUser Columns (2.2ms)[0m   [0;1mSHOW FIELDS FROM `users`[0m
  [4;35;1mName Columns (1.8ms)[0m   [0mSHOW FIELDS FROM `names`[0m
  [4;36;1mEmail Columns (1.4ms)[0m   [0;1mSHOW FIELDS FROM `emails`[0m
Rendering admin/users/base/new

ActionView::TemplateError (undefined method `address' for #<User:0x2558fdc>) on line #14 of app/views/admin/users/base/_form.html.erb:
11: 	<% end %>
12:     <%= form.input :username %>
13: 	<% fields_for :emails, @email do |email| %>
14:     	<%= form.input :address, :title => "Email Address" %>
15: 	<% end %>
16:     <%= form.input :password %>
17:     <%= form.input :password_confirmation %>

    vendor/gems/justinfrench-formtastic-0.2.4/rails/./lib/formtastic.rb:485:in `send'
    vendor/gems/justinfrench-formtastic-0.2.4/rails/./lib/formtastic.rb:485:in `input_simple'
    vendor/gems/justinfrench-formtastic-0.2.4/rails/./lib/formtastic.rb:923:in `inline_input_for'
    vendor/gems/justinfrench-formtastic-0.2.4/rails/./lib/formtastic.rb:112:in `send'
    vendor/gems/justinfrench-formtastic-0.2.4/rails/./lib/formtastic.rb:112:in `input'
    vendor/gems/justinfrench-formtastic-0.2.4/rails/./lib/formtastic.rb:111:in `map'
    vendor/gems/justinfrench-formtastic-0.2.4/rails/./lib/formtastic.rb:111:in `input'
    app/views/admin/users/base/_form.html.erb:14
    app/views/admin/users/base/_form.html.erb:13
    haml (2.2.7) [v] lib/haml/helpers/action_view_mods.rb:88:in `capture'
    vendor/gems/justinfrench-formtastic-0.2.4/rails/./lib/formtastic.rb:990:in `field_set_and_list_wrapping'
    vendor/gems/justinfrench-formtastic-0.2.4/rails/./lib/formtastic.rb:252:in `inputs'
    app/views/admin/users/base/_form.html.erb:3
    haml (2.2.7) [v] lib/haml/helpers/action_view_mods.rb:169:in `form_for'
    vendor/gems/justinfrench-formtastic-0.2.4/rails/./lib/formtastic.rb:1323:in `semantic_form_for'
    app/views/admin/users/base/_form.html.erb:2
    haml (2.2.7) [v] lib/haml/helpers/action_view_mods.rb:13:in `render'
    app/views/admin/users/base/new.html.erb:3
    haml (2.2.7) [v] lib/haml/helpers/action_view_mods.rb:13:in `render'
    haml (2.2.7) [v] lib/sass/plugin/rails.rb:19:in `process_without_compass'
    vendor/gems/chriseppstein-compass-0.8.17/lib/compass/app_integration/rails/action_controller.rb:7:in `process'

Rendered rescues/_trace (122.8ms)
Rendered rescues/_request_and_response (0.3ms)
Rendering rescues/layout (internal_server_error)
  [4;35;1mSQL (0.3ms)[0m   [0mSET NAMES 'utf8'[0m
  [4;36;1mSQL (0.1ms)[0m   [0;1mSET SQL_AUTO_IS_NULL=0[0m


Processing Admin::Users::BaseController#new (for 127.0.0.1 at 2009-10-11 16:52:05) [GET]
  Parameters: {"action"=>"new", "controller"=>"admin/users/base"}
  [4;35;1mUser Columns (2.0ms)[0m   [0mSHOW FIELDS FROM `users`[0m
  [4;36;1mName Columns (1.6ms)[0m   [0;1mSHOW FIELDS FROM `names`[0m
  [4;35;1mEmail Columns (1.4ms)[0m   [0mSHOW FIELDS FROM `emails`[0m
Rendering admin/users/base/new
Rendered admin/users/base/_form (19.1ms)
Completed in 45ms (View: 23, DB: 5) | 200 OK [http://0.0.0.0/newuser]
  [4;36;1mSQL (0.2ms)[0m   [0;1mSET NAMES 'utf8'[0m
  [4;35;1mSQL (0.1ms)[0m   [0mSET SQL_AUTO_IS_NULL=0[0m


Processing ApplicationController#new (for 127.0.0.1 at 2009-10-11 19:01:22) [GET]
  Parameters: {"action"=>"new", "controller"=>"admin/users/base"}

SyntaxError (/Users/davidhenner/projects/hadean/app/controllers/admin/users/base_controller.rb:2: syntax error, unexpected tASSOC, expecting kEND
  :layout => "admin"
            ^):
  

Rendered rescues/_trace (88.2ms)
Rendered rescues/_request_and_response (0.3ms)
Rendering rescues/layout (internal_server_error)
  [4;36;1mSQL (0.1ms)[0m   [0;1mSET NAMES 'utf8'[0m
  [4;35;1mSQL (0.1ms)[0m   [0mSET SQL_AUTO_IS_NULL=0[0m


Processing ApplicationController#new (for 127.0.0.1 at 2009-10-11 19:02:20) [GET]
  Parameters: {"action"=>"new", "controller"=>"admin/users/base"}

SyntaxError (/Users/davidhenner/projects/hadean/app/controllers/admin/users/base_controller.rb:2: syntax error, unexpected tSTRING_BEG, expecting kEND
  :layout  "admin"
            ^):
  

Rendered rescues/_trace (26.8ms)
Rendered rescues/_request_and_response (0.3ms)
Rendering rescues/layout (internal_server_error)
  [4;36;1mSQL (0.1ms)[0m   [0;1mSET NAMES 'utf8'[0m
  [4;35;1mSQL (0.1ms)[0m   [0mSET SQL_AUTO_IS_NULL=0[0m


Processing Admin::Users::BaseController#new (for 127.0.0.1 at 2009-10-11 19:04:20) [GET]
  Parameters: {"action"=>"new", "controller"=>"admin/users/base"}
  [4;36;1mUser Columns (2.0ms)[0m   [0;1mSHOW FIELDS FROM `users`[0m
  [4;35;1mName Columns (1.6ms)[0m   [0mSHOW FIELDS FROM `names`[0m
  [4;36;1mEmail Columns (1.5ms)[0m   [0;1mSHOW FIELDS FROM `emails`[0m
Rendering template within layouts/admin
Rendering admin/users/base/new

ActionView::TemplateError (undefined local variable or method `f' for #<ActionView::Base:0x245b0a8>) on line #5 of app/views/admin/users/base/_form.html.erb:
2: <% semantic_form_for @user do |form| %><%# , @name, @email %>
3:   <% form.inputs do %>
4: 	<% form.semantic_fields_for :names, @name do |name_form| %>
5: 		<% f.inputs :name => "Name", :id => "user_name" do %>
6: 		    <%= name_form.input :first %>
7: 		    <%= name_form.input :last %>
8: 		    <%= name_form.input :middle %>

    app/views/admin/users/base/_form.html.erb:5
    vendor/gems/justinfrench-formtastic-0.2.4/rails/./lib/formtastic.rb:330:in `semantic_fields_for'
    app/views/admin/users/base/_form.html.erb:4
    haml (2.2.7) [v] lib/haml/helpers/action_view_mods.rb:88:in `capture'
    vendor/gems/justinfrench-formtastic-0.2.4/rails/./lib/formtastic.rb:990:in `field_set_and_list_wrapping'
    vendor/gems/justinfrench-formtastic-0.2.4/rails/./lib/formtastic.rb:252:in `inputs'
    app/views/admin/users/base/_form.html.erb:3
    haml (2.2.7) [v] lib/haml/helpers/action_view_mods.rb:169:in `form_for'
    vendor/gems/justinfrench-formtastic-0.2.4/rails/./lib/formtastic.rb:1323:in `semantic_form_for'
    app/views/admin/users/base/_form.html.erb:2
    haml (2.2.7) [v] lib/haml/helpers/action_view_mods.rb:13:in `render'
    app/views/admin/users/base/new.html.erb:3
    haml (2.2.7) [v] lib/haml/helpers/action_view_mods.rb:13:in `render'
    haml (2.2.7) [v] lib/haml/helpers/action_view_mods.rb:13:in `render'
    haml (2.2.7) [v] lib/sass/plugin/rails.rb:19:in `process_without_compass'
    vendor/gems/chriseppstein-compass-0.8.17/lib/compass/app_integration/rails/action_controller.rb:7:in `process'

Rendered rescues/_trace (57.3ms)
Rendered rescues/_request_and_response (0.3ms)
Rendering rescues/layout (internal_server_error)
  [4;35;1mSQL (0.1ms)[0m   [0mSET NAMES 'utf8'[0m
  [4;36;1mSQL (0.2ms)[0m   [0;1mSET SQL_AUTO_IS_NULL=0[0m


Processing Admin::Users::BaseController#new (for 127.0.0.1 at 2009-10-11 19:05:02) [GET]
  Parameters: {"action"=>"new", "controller"=>"admin/users/base"}
  [4;35;1mUser Columns (2.4ms)[0m   [0mSHOW FIELDS FROM `users`[0m
  [4;36;1mName Columns (2.1ms)[0m   [0;1mSHOW FIELDS FROM `names`[0m
  [4;35;1mEmail Columns (1.4ms)[0m   [0mSHOW FIELDS FROM `emails`[0m
Rendering template within layouts/admin
Rendering admin/users/base/new
Rendered admin/users/base/_form (82.0ms)

ActionView::TemplateError (Missing layout layouts/_admin.erb in view path app/views) on line #1 of app/views/layouts/admin.erb:
1: <%= render :partial => "layouts/admin" %>
2: 
3: <%= yeild %>

    haml (2.2.7) [v] lib/haml/helpers/action_view_mods.rb:13:in `render'
    app/views/layouts/admin.erb:1
    haml (2.2.7) [v] lib/haml/helpers/action_view_mods.rb:13:in `render'
    haml (2.2.7) [v] lib/haml/helpers/action_view_mods.rb:13:in `render'
    haml (2.2.7) [v] lib/sass/plugin/rails.rb:19:in `process_without_compass'
    vendor/gems/chriseppstein-compass-0.8.17/lib/compass/app_integration/rails/action_controller.rb:7:in `process'

Rendered rescues/_trace (41.5ms)
Rendered rescues/_request_and_response (0.3ms)
Rendering rescues/layout (internal_server_error)
  [4;36;1mSQL (0.1ms)[0m   [0;1mSET NAMES 'utf8'[0m
  [4;35;1mSQL (0.2ms)[0m   [0mSET SQL_AUTO_IS_NULL=0[0m


Processing Admin::Users::BaseController#new (for 127.0.0.1 at 2009-10-11 19:05:46) [GET]
  Parameters: {"action"=>"new", "controller"=>"admin/users/base"}
  [4;36;1mUser Columns (2.2ms)[0m   [0;1mSHOW FIELDS FROM `users`[0m
  [4;35;1mName Columns (1.6ms)[0m   [0mSHOW FIELDS FROM `names`[0m
  [4;36;1mEmail Columns (1.4ms)[0m   [0;1mSHOW FIELDS FROM `emails`[0m
Rendering template within layouts/admin
Rendering admin/users/base/new
Rendered admin/users/base/_form (18.8ms)
Rendered layouts/_form_generic (0.6ms)

ActionView::TemplateError (undefined local variable or method `yeild' for #<ActionView::Base:0x23f3b10>) on line #3 of app/views/layouts/admin.erb:
1: <%= render :partial => "layouts/form_generic" %>
2: 
3: <%= yeild %>

    app/views/layouts/admin.erb:3
    haml (2.2.7) [v] lib/haml/helpers/action_view_mods.rb:13:in `render'
    haml (2.2.7) [v] lib/haml/helpers/action_view_mods.rb:13:in `render'
    haml (2.2.7) [v] lib/sass/plugin/rails.rb:19:in `process_without_compass'
    vendor/gems/chriseppstein-compass-0.8.17/lib/compass/app_integration/rails/action_controller.rb:7:in `process'

Rendered rescues/_trace (40.1ms)
Rendered rescues/_request_and_response (0.3ms)
Rendering rescues/layout (internal_server_error)
  [4;35;1mSQL (0.1ms)[0m   [0mSET NAMES 'utf8'[0m
  [4;36;1mSQL (0.1ms)[0m   [0;1mSET SQL_AUTO_IS_NULL=0[0m


Processing Admin::Users::BaseController#new (for 127.0.0.1 at 2009-10-11 19:06:02) [GET]
  Parameters: {"action"=>"new", "controller"=>"admin/users/base"}
  [4;35;1mUser Columns (2.4ms)[0m   [0mSHOW FIELDS FROM `users`[0m
  [4;36;1mName Columns (2.0ms)[0m   [0;1mSHOW FIELDS FROM `names`[0m
  [4;35;1mEmail Columns (1.4ms)[0m   [0mSHOW FIELDS FROM `emails`[0m
Rendering template within layouts/admin
Rendering admin/users/base/new
Rendered admin/users/base/_form (18.8ms)
Rendered layouts/_form_generic (0.3ms)
Completed in 47ms (View: 24, DB: 6) | 200 OK [http://0.0.0.0/newuser]
  [4;36;1mSQL (0.1ms)[0m   [0;1mSET NAMES 'utf8'[0m
  [4;35;1mSQL (0.1ms)[0m   [0mSET SQL_AUTO_IS_NULL=0[0m


Processing Admin::Users::BaseController#create (for 127.0.0.1 at 2009-10-11 19:14:04) [POST]
  Parameters: {"user"=>{"password_confirmation"=>"[FILTERED]", "username"=>"", "names_attributes"=>{"0"=>{"title"=>"", "nickname"=>"", "middle"=>"", "last"=>"", "first"=>"", "suffix"=>""}}, "password"=>"[FILTERED]", "emails_attributes"=>{"0"=>{"address"=>""}}}, "commit"=>"Create User", "action"=>"create", "authenticity_token"=>"ZTDAuLFN6W38R7gDhOOjOu/TTbae9Yi1Vb6J/T5ppNQ=", "controller"=>"admin/users/base"}
  [4;36;1mUser Columns (2.1ms)[0m   [0;1mSHOW FIELDS FROM `users`[0m
WARNING: Can't mass-assign these protected attributes: password_confirmation, username
  [4;35;1mName Columns (1.6ms)[0m   [0mSHOW FIELDS FROM `names`[0m
  [4;36;1mEmail Columns (1.5ms)[0m   [0;1mSHOW FIELDS FROM `emails`[0m
  [4;35;1mSQL (0.1ms)[0m   [0mBEGIN[0m
  [4;36;1mSQL (0.1ms)[0m   [0;1mROLLBACK[0m

NameError (undefined local variable or method `persistence_token' for #<User:0x25eaa7c>):
  app/controllers/admin/users/base_controller.rb:16:in `create'
  haml (2.2.7) [v] lib/sass/plugin/rails.rb:19:in `process_without_compass'
  vendor/gems/chriseppstein-compass-0.8.17/lib/compass/app_integration/rails/action_controller.rb:7:in `process'

Rendered rescues/_trace (43.1ms)
Rendered rescues/_request_and_response (0.4ms)
Rendering rescues/layout (internal_server_error)
